10/10/13 11:03:52 AM org.neo4j.server.AbstractNeoServer INFO: Setting startup timeout to: 120000ms based on -1
10/10/13 11:03:53 AM org.neo4j.server.database.Database INFO: Loaded neo4j tuning properties from conf/neo4j.properties
10/10/13 11:03:56 AM org.neo4j.server.database.Database INFO: Successfully started database
10/10/13 11:03:56 AM org.neo4j.server.AbstractNeoServer INFO: Starting Neo Server on port [7474] with [40] threads available
10/10/13 11:03:57 AM org.neo4j.server.AbstractNeoServer INFO: Enabling HTTPS on port [7473]
10/10/13 11:03:57 AM org.neo4j.server.AbstractNeoServer INFO: No SSL certificate found, generating a self-signed certificate..
10/10/13 11:03:57 AM org.neo4j.server.modules.DiscoveryModule INFO: Mounted discovery module at [/]
10/10/13 11:03:57 AM org.neo4j.server.plugins.PluginManager INFO: Loaded server plugin "CypherPlugin"
10/10/13 11:03:57 AM org.neo4j.server.plugins.PluginManager INFO: Loaded server plugin "GremlinPlugin"
10/10/13 11:03:57 AM org.neo4j.server.modules.RESTApiModule INFO: Mounted REST API at [/db/data/]
10/10/13 11:03:57 AM org.neo4j.server.modules.ManagementApiModule INFO: Mounted management API at [/db/manage/]
10/10/13 11:03:57 AM org.neo4j.server.modules.WebAdminModule INFO: Mounted webadmin at [/webadmin]
11:03:57.986 [main] INFO  org.mortbay.log - Logging to Logger[org.mortbay.log] via org.mortbay.log.Slf4jLog
10/10/13 11:03:58 AM org.neo4j.server.web.Jetty6WebServer INFO: Mounting static content at [/webadmin] from [webadmin-html]
11:03:58.031 [main] INFO  org.mortbay.log - jetty-6.1.25
11:03:58.114 [main] INFO  org.mortbay.log - NO JSP Support for /webadmin, did not find org.apache.jasper.servlet.JspServlet
11:03:59.560 [main] INFO  org.mortbay.log - Started SelectChannelConnector@localhost:7474
11:04:00.196 [main] INFO  org.mortbay.log - Started SslSocketConnector@localhost:7473
10/10/13 11:04:00 AM org.neo4j.server.AbstractNeoServer INFO: Server started on [http://localhost:7474/]
10/10/13 11:04:10 AM org.neo4j.server.webadmin.rest.console.SessionFactoryImpl INFO: Available console sessions: SHELL: class org.neo4j.server.webadmin.console.ShellSessionCreator
CYPHER: class org.neo4j.server.webadmin.console.CypherSessionCreator
GREMLIN: class org.neo4j.server.webadmin.console.GremlinSessionCreator

