Oct 10, 2013 11:03:52 AM org.neo4j.server.logging.Logger log
INFO: Setting startup timeout to: 120000ms based on -1
Oct 10, 2013 11:03:53 AM org.neo4j.server.logging.Logger log
INFO: Loaded neo4j tuning properties from conf/neo4j.properties
Oct 10, 2013 11:03:56 AM org.neo4j.server.logging.Logger log
INFO: Successfully started database
Oct 10, 2013 11:03:56 AM org.neo4j.server.logging.Logger log
INFO: Starting Neo Server on port [7474] with [40] threads available
Oct 10, 2013 11:03:57 AM org.neo4j.server.logging.Logger log
INFO: Enabling HTTPS on port [7473]
Oct 10, 2013 11:03:57 AM org.neo4j.server.logging.Logger log
INFO: No SSL certificate found, generating a self-signed certificate..
Oct 10, 2013 11:03:57 AM org.neo4j.server.logging.Logger log
INFO: Mounted discovery module at [/]
Oct 10, 2013 11:03:57 AM org.neo4j.server.logging.Logger log
INFO: Loaded server plugin "CypherPlugin"
Oct 10, 2013 11:03:57 AM org.neo4j.server.logging.Logger log
INFO: Loaded server plugin "GremlinPlugin"
Oct 10, 2013 11:03:57 AM org.neo4j.server.logging.Logger log
INFO: Mounted REST API at [/db/data/]
Oct 10, 2013 11:03:57 AM org.neo4j.server.logging.Logger log
INFO: Mounted management API at [/db/manage/]
Oct 10, 2013 11:03:57 AM org.neo4j.server.logging.Logger log
INFO: Mounted webadmin at [/webadmin]
Oct 10, 2013 11:03:58 AM org.neo4j.server.logging.Logger log
INFO: Mounting static content at [/webadmin] from [webadmin-html]
Oct 10, 2013 11:03:58 AM com.sun.jersey.api.core.PackagesResourceConfig init
INFO: Scanning for root resource and provider classes in the packages:
  org.neo4j.server.webadmin.rest
Oct 10, 2013 11:03:58 AM com.sun.jersey.api.core.ScanningResourceConfig logClasses
INFO: Root resource classes found:
  class org.neo4j.server.webadmin.rest.JmxService
  class org.neo4j.server.webadmin.rest.RootService
  class org.neo4j.server.webadmin.rest.MonitorService
  class org.neo4j.server.webadmin.rest.console.ConsoleService
Oct 10, 2013 11:03:58 AM com.sun.jersey.api.core.ScanningResourceConfig init
INFO: No provider classes found.
Oct 10, 2013 11:03:58 AM com.sun.jersey.server.impl.application.WebApplicationImpl _initiate
INFO: Initiating Jersey application, version 'Jersey: 1.9 09/02/2011 11:17 AM'
Oct 10, 2013 11:03:58 AM com.sun.jersey.api.core.PackagesResourceConfig init
INFO: Scanning for root resource and provider classes in the packages:
  org.neo4j.server.rest.web
Oct 10, 2013 11:03:59 AM com.sun.jersey.api.core.ScanningResourceConfig logClasses
INFO: Root resource classes found:
  class org.neo4j.server.rest.web.ResourcesService
  class org.neo4j.server.rest.web.DatabaseMetadataService
  class org.neo4j.server.rest.web.CypherService
  class org.neo4j.server.rest.web.RestfulGraphDatabase
  class org.neo4j.server.rest.web.ExtensionService
  class org.neo4j.server.rest.web.BatchOperationService
Oct 10, 2013 11:03:59 AM com.sun.jersey.api.core.ScanningResourceConfig init
INFO: No provider classes found.
Oct 10, 2013 11:03:59 AM com.sun.jersey.server.impl.application.WebApplicationImpl _initiate
INFO: Initiating Jersey application, version 'Jersey: 1.9 09/02/2011 11:17 AM'
Oct 10, 2013 11:03:59 AM com.sun.jersey.api.core.PackagesResourceConfig init
INFO: Scanning for root resource and provider classes in the packages:
  org.neo4j.server.rest.discovery
Oct 10, 2013 11:03:59 AM com.sun.jersey.api.core.ScanningResourceConfig logClasses
INFO: Root resource classes found:
  class org.neo4j.server.rest.discovery.DiscoveryService
Oct 10, 2013 11:03:59 AM com.sun.jersey.api.core.ScanningResourceConfig init
INFO: No provider classes found.
Oct 10, 2013 11:03:59 AM com.sun.jersey.server.impl.application.WebApplicationImpl _initiate
INFO: Initiating Jersey application, version 'Jersey: 1.9 09/02/2011 11:17 AM'
Oct 10, 2013 11:04:00 AM org.neo4j.server.logging.Logger log
INFO: Server started on [http://localhost:7474/]
Oct 10, 2013 11:04:10 AM org.neo4j.server.logging.Logger log
INFO: Available console sessions: SHELL: class org.neo4j.server.webadmin.console.ShellSessionCreator
CYPHER: class org.neo4j.server.webadmin.console.CypherSessionCreator
GREMLIN: class org.neo4j.server.webadmin.console.GremlinSessionCreator

Oct 10, 2013 11:04:11 AM java.util.prefs.FileSystemPreferences$1 run
INFO: Created user preferences directory.
