2013-10-10 05:33:53.888+0000 INFO  [o.n.k.i.DiagnosticsManager]: --- INITIALIZED diagnostics START ---
2013-10-10 05:33:53.902+0000 INFO  [o.n.k.i.DiagnosticsManager]: Neo4j Kernel properties:
2013-10-10 05:33:53.904+0000 INFO  [o.n.k.i.DiagnosticsManager]: neostore.propertystore.db.mapped_memory=312M
2013-10-10 05:33:53.904+0000 INFO  [o.n.k.i.DiagnosticsManager]: neostore.nodestore.db.mapped_memory=86M
2013-10-10 05:33:53.904+0000 INFO  [o.n.k.i.DiagnosticsManager]: neostore.propertystore.db.strings.mapped_memory=265M
2013-10-10 05:33:53.904+0000 INFO  [o.n.k.i.DiagnosticsManager]: neo4j.ext.udc.source=server
2013-10-10 05:33:53.904+0000 INFO  [o.n.k.i.DiagnosticsManager]: store_dir=data/graph.db
2013-10-10 05:33:53.904+0000 INFO  [o.n.k.i.DiagnosticsManager]: neostore.relationshipstore.db.mapped_memory=382M
2013-10-10 05:33:53.904+0000 INFO  [o.n.k.i.DiagnosticsManager]: keep_logical_logs=true
2013-10-10 05:33:53.904+0000 INFO  [o.n.k.i.DiagnosticsManager]: neostore.propertystore.db.arrays.mapped_memory=300M
2013-10-10 05:33:53.904+0000 INFO  [o.n.k.i.DiagnosticsManager]: remote_shell_enabled=true
2013-10-10 05:33:53.904+0000 INFO  [o.n.k.i.DiagnosticsManager]: ephemeral=false
2013-10-10 05:33:53.907+0000 INFO  [o.n.k.i.DiagnosticsManager]: Diagnostics providers:
2013-10-10 05:33:53.908+0000 INFO  [o.n.k.i.DiagnosticsManager]: org.neo4j.kernel.configuration.Config
2013-10-10 05:33:53.908+0000 INFO  [o.n.k.i.DiagnosticsManager]: org.neo4j.kernel.info.DiagnosticsManager
2013-10-10 05:33:53.908+0000 INFO  [o.n.k.i.DiagnosticsManager]: SYSTEM_MEMORY
2013-10-10 05:33:53.908+0000 INFO  [o.n.k.i.DiagnosticsManager]: JAVA_MEMORY
2013-10-10 05:33:53.908+0000 INFO  [o.n.k.i.DiagnosticsManager]: OPERATING_SYSTEM
2013-10-10 05:33:53.909+0000 INFO  [o.n.k.i.DiagnosticsManager]: JAVA_VIRTUAL_MACHINE
2013-10-10 05:33:53.909+0000 INFO  [o.n.k.i.DiagnosticsManager]: CLASSPATH
2013-10-10 05:33:53.909+0000 INFO  [o.n.k.i.DiagnosticsManager]: LIBRARY_PATH
2013-10-10 05:33:53.909+0000 INFO  [o.n.k.i.DiagnosticsManager]: SYSTEM_PROPERTIES
2013-10-10 05:33:53.909+0000 INFO  [o.n.k.i.DiagnosticsManager]: LINUX_SCHEDULERS
2013-10-10 05:33:53.909+0000 INFO  [o.n.k.i.DiagnosticsManager]: NETWORK
2013-10-10 05:33:53.910+0000 INFO  [o.n.k.i.DiagnosticsManager]: System memory information:
2013-10-10 05:33:53.921+0000 INFO  [o.n.k.i.DiagnosticsManager]: Total Physical memory: 3.76 GB
2013-10-10 05:33:53.922+0000 INFO  [o.n.k.i.DiagnosticsManager]: Free Physical memory: 128.97 MB
2013-10-10 05:33:53.922+0000 INFO  [o.n.k.i.DiagnosticsManager]: Committed virtual memory: 2.08 GB
2013-10-10 05:33:53.923+0000 INFO  [o.n.k.i.DiagnosticsManager]: Total swap space: 3.90 GB
2013-10-10 05:33:53.923+0000 INFO  [o.n.k.i.DiagnosticsManager]: Free swap space: 3.89 GB
2013-10-10 05:33:53.923+0000 INFO  [o.n.k.i.DiagnosticsManager]: JVM memory information:
2013-10-10 05:33:53.924+0000 INFO  [o.n.k.i.DiagnosticsManager]: Free  memory: 46.63 MB
2013-10-10 05:33:53.924+0000 INFO  [o.n.k.i.DiagnosticsManager]: Total memory: 57.75 MB
2013-10-10 05:33:53.924+0000 INFO  [o.n.k.i.DiagnosticsManager]: Max   memory: 856.94 MB
2013-10-10 05:33:53.957+0000 INFO  [o.n.k.i.DiagnosticsManager]: Garbage Collector: PS Scavenge: [PS Eden Space, PS Survivor Space]
2013-10-10 05:33:53.957+0000 INFO  [o.n.k.i.DiagnosticsManager]: Garbage Collector: PS MarkSweep: [PS Eden Space, PS Survivor Space, PS Old Gen, PS Perm Gen]
2013-10-10 05:33:53.958+0000 INFO  [o.n.k.i.DiagnosticsManager]: Memory Pool: Code Cache (Non-heap memory): committed=2.44 MB, used=652.88 kB, max=48.00 MB, threshold=0.00 B
2013-10-10 05:33:53.959+0000 INFO  [o.n.k.i.DiagnosticsManager]: Memory Pool: PS Eden Space (Heap memory): committed=15.06 MB, used=6.22 MB, max=316.31 MB, threshold=?
2013-10-10 05:33:53.960+0000 INFO  [o.n.k.i.DiagnosticsManager]: Memory Pool: PS Survivor Space (Heap memory): committed=2.50 MB, used=2.49 MB, max=2.50 MB, threshold=?
2013-10-10 05:33:53.961+0000 INFO  [o.n.k.i.DiagnosticsManager]: Memory Pool: PS Old Gen (Heap memory): committed=40.19 MB, used=2.42 MB, max=642.69 MB, threshold=0.00 B
2013-10-10 05:33:53.962+0000 INFO  [o.n.k.i.DiagnosticsManager]: Memory Pool: PS Perm Gen (Non-heap memory): committed=20.75 MB, used=12.08 MB, max=82.00 MB, threshold=0.00 B
2013-10-10 05:33:53.962+0000 INFO  [o.n.k.i.DiagnosticsManager]: Operating system information:
2013-10-10 05:33:53.962+0000 INFO  [o.n.k.i.DiagnosticsManager]: Operating System: Linux; version: 3.5.0-23-generic; arch: amd64; cpus: 4
2013-10-10 05:33:53.963+0000 INFO  [o.n.k.i.DiagnosticsManager]: Max number of file descriptors: 4096
2013-10-10 05:33:53.963+0000 INFO  [o.n.k.i.DiagnosticsManager]: Number of open file descriptors: 74
2013-10-10 05:33:53.963+0000 INFO  [o.n.k.i.DiagnosticsManager]: Process id: 4653@SERVERNAME
2013-10-10 05:33:53.963+0000 INFO  [o.n.k.i.DiagnosticsManager]: Byte order: LITTLE_ENDIAN
2013-10-10 05:33:53.963+0000 INFO  [o.n.k.i.DiagnosticsManager]: Local timezone: Asia/Kolkata
2013-10-10 05:33:53.963+0000 INFO  [o.n.k.i.DiagnosticsManager]: JVM information:
2013-10-10 05:33:53.964+0000 INFO  [o.n.k.i.DiagnosticsManager]: VM Name: Java HotSpot(TM) 64-Bit Server VM
2013-10-10 05:33:53.964+0000 INFO  [o.n.k.i.DiagnosticsManager]: VM Vendor: Oracle Corporation
2013-10-10 05:33:53.964+0000 INFO  [o.n.k.i.DiagnosticsManager]: VM Version: 23.25-b01
2013-10-10 05:33:54.029+0000 INFO  [o.n.k.i.DiagnosticsManager]: JIT compiler: HotSpot 64-Bit Tiered Compilers
2013-10-10 05:33:54.030+0000 INFO  [o.n.k.i.DiagnosticsManager]: VM Arguments: [-XX:+DisableExplicitGC, -XX:+CMSClassUnloadingEnabled, -Dlog4j.configuration=file:conf/log4j.properties, -Dorg.neo4j.server.properties=/home/prabu/neo4j/conf/neo4j-server.properties, -Djava.util.logging.config.file=/home/prabu/neo4j/conf/logging.properties, -Dneo4j.home=/home/prabu/neo4j, -Dneo4j.instance=/home/prabu/neo4j, -Dfile.encoding=UTF-8]
2013-10-10 05:33:54.030+0000 INFO  [o.n.k.i.DiagnosticsManager]: Java classpath:
2013-10-10 05:33:54.033+0000 INFO  [o.n.k.i.DiagnosticsManager]:  [classpath + loader.0] file:/home/prabu/neo4j/system/lib/asm-3.1.jar
2013-10-10 05:33:54.033+0000 INFO  [o.n.k.i.DiagnosticsManager]:  [classpath + loader.0] file:/home/prabu/neo4j/lib/neo4j-lucene-index-1.9.jar
2013-10-10 05:33:54.033+0000 INFO  [o.n.k.i.DiagnosticsManager]:  [classpath + loader.0] file:/home/prabu/neo4j/system/lib/jsr311-api-1.1.2.r612.jar
2013-10-10 05:33:54.033+0000 INFO  [o.n.k.i.DiagnosticsManager]:  [classpath + loader.0] file:/home/prabu/neo4j/system/lib/commons-configuration-1.6.jar
2013-10-10 05:33:54.033+0000 INFO  [o.n.k.i.DiagnosticsManager]:  [classpath + loader.0] file:/home/prabu/neo4j/system/lib/commons-beanutils-core-1.8.0.jar
2013-10-10 05:33:54.033+0000 INFO  [o.n.k.i.DiagnosticsManager]:  [classpath + loader.0] file:/home/prabu/neo4j/system/lib/servlet-api-2.5-20081211.jar
2013-10-10 05:33:54.033+0000 INFO  [o.n.k.i.DiagnosticsManager]:  [classpath + loader.0] file:/home/prabu/neo4j/system/lib/neo4j-cypher-plugin-1.9.jar
2013-10-10 05:33:54.033+0000 INFO  [o.n.k.i.DiagnosticsManager]:  [bootstrap] /usr/lib/jvm/jdk1.7.0_25/jre/lib/jce.jar
2013-10-10 05:33:54.033+0000 INFO  [o.n.k.i.DiagnosticsManager]:  [classpath + loader.0] file:/home/prabu/neo4j/plugins/gremlin1.5/stax-api-1.0.1.jar
2013-10-10 05:33:54.033+0000 INFO  [o.n.k.i.DiagnosticsManager]:  [loader.1] file:/usr/lib/jvm/jdk1.7.0_25/jre/lib/ext/dnsns.jar
2013-10-10 05:33:54.033+0000 INFO  [o.n.k.i.DiagnosticsManager]:  [classpath + loader.0] file:/home/prabu/neo4j/system/lib/jackson-core-asl-1.9.7.jar
2013-10-10 05:33:54.033+0000 INFO  [o.n.k.i.DiagnosticsManager]:  [classpath + loader.0] file:/home/prabu/neo4j/lib/neo4j-graph-matching-1.9.jar
2013-10-10 05:33:54.034+0000 INFO  [o.n.k.i.DiagnosticsManager]:  [classpath + loader.0] file:/home/prabu/neo4j/plugins/gremlin1.5/asm-util-3.2.jar
2013-10-10 05:33:54.034+0000 INFO  [o.n.k.i.DiagnosticsManager]:  [classpath + loader.0] file:/home/prabu/neo4j/system/lib/jersey-multipart-1.9.jar
2013-10-10 05:33:54.034+0000 INFO  [o.n.k.i.DiagnosticsManager]:  [classpath + loader.0] file:/home/prabu/neo4j/system/lib/commons-digester-1.8.1.jar
2013-10-10 05:33:54.034+0000 INFO  [o.n.k.i.DiagnosticsManager]:  [classpath + loader.0] file:/home/prabu/neo4j/system/lib/jersey-core-1.9.jar
2013-10-10 05:33:54.034+0000 INFO  [o.n.k.i.DiagnosticsManager]:  [classpath + loader.0] file:/home/prabu/neo4j/system/lib/bcprov-jdk16-140.jar
2013-10-10 05:33:54.034+0000 INFO  [o.n.k.i.DiagnosticsManager]:  [classpath + loader.0] file:/home/prabu/neo4j/system/lib/neo4j-server-1.9.jar
2013-10-10 05:33:54.034+0000 INFO  [o.n.k.i.DiagnosticsManager]:  [classpath + loader.0] file:/home/prabu/neo4j/system/lib/jackson-jaxrs-1.9.7.jar
2013-10-10 05:33:54.034+0000 INFO  [o.n.k.i.DiagnosticsManager]:  [classpath + loader.0] file:/home/prabu/neo4j/plugins/gremlin1.5/antlr-2.7.7.jar
2013-10-10 05:33:54.034+0000 INFO  [o.n.k.i.DiagnosticsManager]:  [loader.1] file:/usr/lib/jvm/jdk1.7.0_25/jre/lib/ext/localedata.jar
2013-10-10 05:33:54.034+0000 INFO  [o.n.k.i.DiagnosticsManager]:  [classpath + loader.0] file:/home/prabu/neo4j/system/lib/mimepull-1.6.jar
2013-10-10 05:33:54.034+0000 INFO  [o.n.k.i.DiagnosticsManager]:  [classpath + loader.0] file:/home/prabu/neo4j/system/lib/logback-core-0.9.30.jar
2013-10-10 05:33:54.034+0000 INFO  [o.n.k.i.DiagnosticsManager]:  [loader.1] file:/usr/lib/jvm/jdk1.7.0_25/jre/lib/ext/sunpkcs11.jar
2013-10-10 05:33:54.034+0000 INFO  [o.n.k.i.DiagnosticsManager]:  [classpath + loader.0] file:/home/prabu/neo4j/lib/concurrentlinkedhashmap-lru-1.3.1.jar
2013-10-10 05:33:54.034+0000 INFO  [o.n.k.i.DiagnosticsManager]:  [classpath + loader.0] file:/home/prabu/neo4j/plugins/gremlin1.5/gremlin-java-1.5.jar
2013-10-10 05:33:54.034+0000 INFO  [o.n.k.i.DiagnosticsManager]:  [classpath + loader.0] file:/home/prabu/neo4j/plugins/gremlin1.5/blueprints-neo4j-graph-1.2.jar
2013-10-10 05:33:54.035+0000 INFO  [o.n.k.i.DiagnosticsManager]:  [classpath + loader.0] file:/home/prabu/neo4j/system/lib/rhino-1.7R3.jar
2013-10-10 05:33:54.035+0000 INFO  [o.n.k.i.DiagnosticsManager]:  [loader.1] file:/usr/lib/jvm/jdk1.7.0_25/jre/lib/ext/sunec.jar
2013-10-10 05:33:54.035+0000 INFO  [o.n.k.i.DiagnosticsManager]:  [classpath + loader.0] file:/home/prabu/neo4j/lib/scala-library-2.10.0.jar
2013-10-10 05:33:54.035+0000 INFO  [o.n.k.i.DiagnosticsManager]:  [bootstrap] /usr/lib/jvm/jdk1.7.0_25/jre/classes
2013-10-10 05:33:54.035+0000 INFO  [o.n.k.i.DiagnosticsManager]:  [classpath + loader.0] file:/home/prabu/neo4j/lib/neo4j-graph-algo-1.9.jar
2013-10-10 05:33:54.035+0000 INFO  [o.n.k.i.DiagnosticsManager]:  [classpath + loader.0] file:/home/prabu/neo4j/system/lib/jersey-server-1.9.jar
2013-10-10 05:33:54.035+0000 INFO  [o.n.k.i.DiagnosticsManager]:  [classpath + loader.0] file:/home/prabu/neo4j/plugins/gremlin1.5/asm-commons-3.2.jar
2013-10-10 05:33:54.035+0000 INFO  [o.n.k.i.DiagnosticsManager]:  [classpath + loader.0] file:/home/prabu/neo4j/system/lib/slf4j-api-1.6.2.jar
2013-10-10 05:33:54.035+0000 INFO  [o.n.k.i.DiagnosticsManager]:  [classpath + loader.0] file:/home/prabu/neo4j/system/lib/jackson-mapper-asl-1.9.7.jar
2013-10-10 05:33:54.035+0000 INFO  [o.n.k.i.DiagnosticsManager]:  [classpath + loader.0] file:/home/prabu/neo4j/system/lib/commons-beanutils-1.8.0.jar
2013-10-10 05:33:54.035+0000 INFO  [o.n.k.i.DiagnosticsManager]:  [classpath + loader.0] file:/home/prabu/neo4j/lib/neo4j-cypher-1.9.jar
2013-10-10 05:33:54.035+0000 INFO  [o.n.k.i.DiagnosticsManager]:  [bootstrap] /usr/lib/jvm/jdk1.7.0_25/jre/lib/jsse.jar
2013-10-10 05:33:54.035+0000 INFO  [o.n.k.i.DiagnosticsManager]:  [classpath + loader.0] file:/home/prabu/neo4j/plugins/gremlin1.5/neo4j-gremlin-plugin-1.9.jar
2013-10-10 05:33:54.035+0000 INFO  [o.n.k.i.DiagnosticsManager]:  [classpath + loader.0] file:/home/prabu/neo4j/lib/geronimo-jta_1.1_spec-1.1.1.jar
2013-10-10 05:33:54.035+0000 INFO  [o.n.k.i.DiagnosticsManager]:  [loader.1] file:/usr/lib/jvm/jdk1.7.0_25/jre/lib/ext/sunjce_provider.jar
2013-10-10 05:33:54.036+0000 INFO  [o.n.k.i.DiagnosticsManager]:  [bootstrap] /usr/lib/jvm/jdk1.7.0_25/jre/lib/rt.jar
2013-10-10 05:33:54.036+0000 INFO  [o.n.k.i.DiagnosticsManager]:  [classpath + loader.0] file:/home/prabu/neo4j/lib/server-api-1.9.jar
2013-10-10 05:33:54.036+0000 INFO  [o.n.k.i.DiagnosticsManager]:  [classpath + loader.0] file:/home/prabu/neo4j/system/lib/neo4j-server-1.9-static-web.jar
2013-10-10 05:33:54.036+0000 INFO  [o.n.k.i.DiagnosticsManager]:  [classpath + loader.0] file:/home/prabu/neo4j/system/lib/rrd4j-2.0.7.jar
2013-10-10 05:33:54.036+0000 INFO  [o.n.k.i.DiagnosticsManager]:  [loader.1] file:/usr/lib/jvm/jdk1.7.0_25/jre/lib/ext/zipfs.jar
2013-10-10 05:33:54.036+0000 INFO  [o.n.k.i.DiagnosticsManager]:  [classpath + loader.0] file:/home/prabu/neo4j/system/lib/commons-io-1.4.jar
2013-10-10 05:33:54.036+0000 INFO  [o.n.k.i.DiagnosticsManager]:  [classpath + loader.0] file:/home/prabu/neo4j/system/lib/jetty-6.1.25.jar
2013-10-10 05:33:54.036+0000 INFO  [o.n.k.i.DiagnosticsManager]:  [classpath + loader.0] file:/home/prabu/neo4j/plugins/gremlin1.5/jansi-1.5.jar
2013-10-10 05:33:54.036+0000 INFO  [o.n.k.i.DiagnosticsManager]:  [classpath + loader.0] file:/home/prabu/neo4j/system/lib/logback-access-0.9.30.jar
2013-10-10 05:33:54.036+0000 INFO  [o.n.k.i.DiagnosticsManager]:  [classpath + loader.0] file:/home/prabu/neo4j/lib/org.apache.servicemix.bundles.jline-0.9.94_1.jar
2013-10-10 05:33:54.036+0000 INFO  [o.n.k.i.DiagnosticsManager]:  [classpath + loader.0] file:/home/prabu/neo4j/system/lib/jcl-over-slf4j-1.6.1.jar
2013-10-10 05:33:54.036+0000 INFO  [o.n.k.i.DiagnosticsManager]:  [classpath + loader.0] file:/home/prabu/neo4j/plugins/gremlin1.5/jettison-1.3.jar
2013-10-10 05:33:54.036+0000 INFO  [o.n.k.i.DiagnosticsManager]:  [classpath + loader.0] file:/home/prabu/neo4j/lib/lucene-core-3.6.2.jar
2013-10-10 05:33:54.036+0000 INFO  [o.n.k.i.DiagnosticsManager]:  [classpath + loader.0] file:/home/prabu/neo4j/system/lib/commons-logging-1.1.1.jar
2013-10-10 05:33:54.037+0000 INFO  [o.n.k.i.DiagnosticsManager]:  [classpath + loader.0] file:/home/prabu/neo4j/lib/neo4j-udc-1.9.jar
2013-10-10 05:33:54.037+0000 INFO  [o.n.k.i.DiagnosticsManager]:  [classpath + loader.0] file:/home/prabu/neo4j/plugins/gremlin1.5/blueprints-core-1.2.jar
2013-10-10 05:33:54.037+0000 INFO  [o.n.k.i.DiagnosticsManager]:  [classpath + loader.0] file:/home/prabu/neo4j/system/lib/logback-classic-0.9.30.jar
2013-10-10 05:33:54.037+0000 INFO  [o.n.k.i.DiagnosticsManager]:  [classpath + loader.0] file:/home/prabu/neo4j/system/lib/commons-collections-3.2.1.jar
2013-10-10 05:33:54.037+0000 INFO  [o.n.k.i.DiagnosticsManager]:  [bootstrap] /usr/lib/jvm/jdk1.7.0_25/jre/lib/resources.jar
2013-10-10 05:33:54.037+0000 INFO  [o.n.k.i.DiagnosticsManager]:  [classpath + loader.0] file:/home/prabu/neo4j/plugins/gremlin1.5/asm-tree-3.2.jar
2013-10-10 05:33:54.037+0000 INFO  [o.n.k.i.DiagnosticsManager]:  [classpath + loader.0] file:/home/prabu/neo4j/plugins/gremlin1.5/asm-analysis-3.2.jar
2013-10-10 05:33:54.037+0000 INFO  [o.n.k.i.DiagnosticsManager]:  [classpath + loader.0] file:/home/prabu/neo4j/system/lib/commons-lang-2.4.jar
2013-10-10 05:33:54.037+0000 INFO  [o.n.k.i.DiagnosticsManager]:  [classpath + loader.0] file:/home/prabu/neo4j/plugins/gremlin1.5/groovy-1.8.5.jar
2013-10-10 05:33:54.037+0000 INFO  [o.n.k.i.DiagnosticsManager]:  [classpath + loader.0] file:/home/prabu/neo4j/lib/neo4j-jmx-1.9.jar
2013-10-10 05:33:54.037+0000 INFO  [o.n.k.i.DiagnosticsManager]:  [bootstrap] /usr/lib/jvm/jdk1.7.0_25/jre/lib/sunrsasign.jar
2013-10-10 05:33:54.037+0000 INFO  [o.n.k.i.DiagnosticsManager]:  [classpath + loader.0] file:/home/prabu/neo4j/system/lib/jetty-util-6.1.25.jar
2013-10-10 05:33:54.037+0000 INFO  [o.n.k.i.DiagnosticsManager]:  [bootstrap] /usr/lib/jvm/jdk1.7.0_25/jre/lib/charsets.jar
2013-10-10 05:33:54.037+0000 INFO  [o.n.k.i.DiagnosticsManager]:  [classpath + loader.0] file:/home/prabu/neo4j/plugins/gremlin1.5/pipes-1.0.jar
2013-10-10 05:33:54.037+0000 INFO  [o.n.k.i.DiagnosticsManager]:  [classpath + loader.0] file:/home/prabu/neo4j/plugins/gremlin1.5/gremlin-groovy-1.5.jar
2013-10-10 05:33:54.038+0000 INFO  [o.n.k.i.DiagnosticsManager]:  [classpath + loader.0] file:/home/prabu/neo4j/system/lib/janino-2.5.10.jar
2013-10-10 05:33:54.038+0000 INFO  [o.n.k.i.DiagnosticsManager]:  [classpath + loader.0] file:/home/prabu/neo4j/lib/neo4j-shell-1.9.jar
2013-10-10 05:33:54.038+0000 INFO  [o.n.k.i.DiagnosticsManager]:  [classpath + loader.0] file:/home/prabu/neo4j/lib/neo4j-kernel-1.9.jar
2013-10-10 05:33:54.038+0000 INFO  [o.n.k.i.DiagnosticsManager]:  [classpath + loader.0] file:/home/prabu/neo4j/conf/
2013-10-10 05:33:54.038+0000 INFO  [o.n.k.i.DiagnosticsManager]:  [bootstrap] /usr/lib/jvm/jdk1.7.0_25/jre/lib/jfr.jar
2013-10-10 05:33:54.038+0000 INFO  [o.n.k.i.DiagnosticsManager]: Library path:
2013-10-10 05:33:54.038+0000 INFO  [o.n.k.i.DiagnosticsManager]: /usr/java/packages/lib/amd64
2013-10-10 05:33:54.038+0000 INFO  [o.n.k.i.DiagnosticsManager]: /usr/lib64
2013-10-10 05:33:54.038+0000 INFO  [o.n.k.i.DiagnosticsManager]: /lib64
2013-10-10 05:33:54.038+0000 INFO  [o.n.k.i.DiagnosticsManager]: /lib
2013-10-10 05:33:54.039+0000 INFO  [o.n.k.i.DiagnosticsManager]: /usr/lib
2013-10-10 05:33:54.039+0000 INFO  [o.n.k.i.DiagnosticsManager]: System.properties:
2013-10-10 05:33:54.064+0000 INFO  [o.n.k.i.DiagnosticsManager]: sun.boot.library.path = /usr/lib/jvm/jdk1.7.0_25/jre/lib/amd64
2013-10-10 05:33:54.065+0000 INFO  [o.n.k.i.DiagnosticsManager]: org.neo4j.server.properties = /home/prabu/neo4j/conf/neo4j-server.properties
2013-10-10 05:33:54.066+0000 INFO  [o.n.k.i.DiagnosticsManager]: path.separator = :
2013-10-10 05:33:54.066+0000 INFO  [o.n.k.i.DiagnosticsManager]: file.encoding.pkg = sun.io
2013-10-10 05:33:54.066+0000 INFO  [o.n.k.i.DiagnosticsManager]: user.country = AU
2013-10-10 05:33:54.066+0000 INFO  [o.n.k.i.DiagnosticsManager]: sun.java.launcher = SUN_STANDARD
2013-10-10 05:33:54.066+0000 INFO  [o.n.k.i.DiagnosticsManager]: sun.os.patch.level = unknown
2013-10-10 05:33:54.066+0000 INFO  [o.n.k.i.DiagnosticsManager]: user.dir = /home/prabu/neo4j
2013-10-10 05:33:54.066+0000 INFO  [o.n.k.i.DiagnosticsManager]: log4j.configuration = file:conf/log4j.properties
2013-10-10 05:33:54.066+0000 INFO  [o.n.k.i.DiagnosticsManager]: sun.jnu.encoding = UTF-8
2013-10-10 05:33:54.066+0000 INFO  [o.n.k.i.DiagnosticsManager]: sun.management.compiler = HotSpot 64-Bit Tiered Compilers
2013-10-10 05:33:54.066+0000 INFO  [o.n.k.i.DiagnosticsManager]: user.home = /root
2013-10-10 05:33:54.066+0000 INFO  [o.n.k.i.DiagnosticsManager]: user.timezone = Asia/Kolkata
2013-10-10 05:33:54.066+0000 INFO  [o.n.k.i.DiagnosticsManager]: file.encoding = UTF-8
2013-10-10 05:33:54.067+0000 INFO  [o.n.k.i.DiagnosticsManager]: user.name = root
2013-10-10 05:33:54.067+0000 INFO  [o.n.k.i.DiagnosticsManager]: sun.java.command = org.neo4j.server.Bootstrapper
2013-10-10 05:33:54.067+0000 INFO  [o.n.k.i.DiagnosticsManager]: sun.arch.data.model = 64
2013-10-10 05:33:54.067+0000 INFO  [o.n.k.i.DiagnosticsManager]: user.language = en
2013-10-10 05:33:54.067+0000 INFO  [o.n.k.i.DiagnosticsManager]: awt.toolkit = sun.awt.X11.XToolkit
2013-10-10 05:33:54.067+0000 INFO  [o.n.k.i.DiagnosticsManager]: file.separator = /
2013-10-10 05:33:54.067+0000 INFO  [o.n.k.i.DiagnosticsManager]: sun.io.unicode.encoding = UnicodeLittle
2013-10-10 05:33:54.067+0000 INFO  [o.n.k.i.DiagnosticsManager]: sun.cpu.endian = little
2013-10-10 05:33:54.067+0000 INFO  [o.n.k.i.DiagnosticsManager]: neo4j.instance = /home/prabu/neo4j
2013-10-10 05:33:54.067+0000 INFO  [o.n.k.i.DiagnosticsManager]: neo4j.home = /home/prabu/neo4j
2013-10-10 05:33:54.067+0000 INFO  [o.n.k.i.DiagnosticsManager]: sun.cpu.isalist = 
2013-10-10 05:33:54.067+0000 INFO  [o.n.k.i.DiagnosticsManager]: Linux scheduler information:
2013-10-10 05:33:54.069+0000 INFO  [o.n.k.i.DiagnosticsManager]: noop [deadline] cfq 
2013-10-10 05:33:54.069+0000 INFO  [o.n.k.i.DiagnosticsManager]: noop [deadline] cfq 
2013-10-10 05:33:54.069+0000 INFO  [o.n.k.i.DiagnosticsManager]: noop [deadline] cfq 
2013-10-10 05:33:54.070+0000 INFO  [o.n.k.i.DiagnosticsManager]: none
2013-10-10 05:33:54.070+0000 INFO  [o.n.k.i.DiagnosticsManager]: none
2013-10-10 05:33:54.070+0000 INFO  [o.n.k.i.DiagnosticsManager]: none
2013-10-10 05:33:54.070+0000 INFO  [o.n.k.i.DiagnosticsManager]: none
2013-10-10 05:33:54.070+0000 INFO  [o.n.k.i.DiagnosticsManager]: none
2013-10-10 05:33:54.071+0000 INFO  [o.n.k.i.DiagnosticsManager]: none
2013-10-10 05:33:54.071+0000 INFO  [o.n.k.i.DiagnosticsManager]: none
2013-10-10 05:33:54.071+0000 INFO  [o.n.k.i.DiagnosticsManager]: none
2013-10-10 05:33:54.071+0000 INFO  [o.n.k.i.DiagnosticsManager]: none
2013-10-10 05:33:54.071+0000 INFO  [o.n.k.i.DiagnosticsManager]: none
2013-10-10 05:33:54.072+0000 INFO  [o.n.k.i.DiagnosticsManager]: none
2013-10-10 05:33:54.072+0000 INFO  [o.n.k.i.DiagnosticsManager]: none
2013-10-10 05:33:54.072+0000 INFO  [o.n.k.i.DiagnosticsManager]: none
2013-10-10 05:33:54.072+0000 INFO  [o.n.k.i.DiagnosticsManager]: none
2013-10-10 05:33:54.072+0000 INFO  [o.n.k.i.DiagnosticsManager]: none
2013-10-10 05:33:54.073+0000 INFO  [o.n.k.i.DiagnosticsManager]: none
2013-10-10 05:33:54.073+0000 INFO  [o.n.k.i.DiagnosticsManager]: none
2013-10-10 05:33:54.073+0000 INFO  [o.n.k.i.DiagnosticsManager]: none
2013-10-10 05:33:54.073+0000 INFO  [o.n.k.i.DiagnosticsManager]: none
2013-10-10 05:33:54.073+0000 INFO  [o.n.k.i.DiagnosticsManager]: none
2013-10-10 05:33:54.074+0000 INFO  [o.n.k.i.DiagnosticsManager]: none
2013-10-10 05:33:54.074+0000 INFO  [o.n.k.i.DiagnosticsManager]: none
2013-10-10 05:33:54.074+0000 INFO  [o.n.k.i.DiagnosticsManager]: none
2013-10-10 05:33:54.074+0000 INFO  [o.n.k.i.DiagnosticsManager]: none
2013-10-10 05:33:54.074+0000 INFO  [o.n.k.i.DiagnosticsManager]: Network information:
2013-10-10 05:33:54.123+0000 INFO  [o.n.k.i.DiagnosticsManager]: Interface eth0:
2013-10-10 05:33:54.124+0000 INFO  [o.n.k.i.DiagnosticsManager]:     address: 192.168.1.23
2013-10-10 05:33:54.124+0000 INFO  [o.n.k.i.DiagnosticsManager]: Interface lo:
2013-10-10 05:33:54.124+0000 INFO  [o.n.k.i.DiagnosticsManager]:     address: 127.0.0.1
2013-10-10 05:33:54.124+0000 INFO  [o.n.k.i.DiagnosticsManager]: --- INITIALIZED diagnostics END ---
2013-10-10 05:33:54.384+0000 INFO  [o.n.k.i.n.s.StoreFactory]: Creating new db @ data/graph.db/neostore
2013-10-10 05:33:54.574+0000 INFO  [o.n.k.i.n.s.StoreFactory]: [data/graph.db/neostore.nodestore.db] brickCount=0 brickSize=901773b mappedMem=90177536b (storeSize=0b)
2013-10-10 05:33:54.636+0000 INFO  [o.n.k.i.n.s.StoreFactory]: data/graph.db/neostore.nodestore.db hit=1 miss=0 switches=0 ooe=0
2013-10-10 05:33:55.453+0000 INFO  [o.n.k.i.n.s.StoreFactory]: [data/graph.db/neostore.relationshiptypestore.db.names] brickCount=0 brickSize=0b mappedMem=0b (storeSize=38b)
2013-10-10 05:33:55.462+0000 INFO  [o.n.k.i.n.s.StoreFactory]: [data/graph.db/neostore.relationshiptypestore.db] brickCount=0 brickSize=0b mappedMem=0b (storeSize=0b)
2013-10-10 05:33:55.498+0000 INFO  [o.n.k.i.n.s.StoreFactory]: data/graph.db/neostore.relationshiptypestore.db.names hit=0 miss=0 switches=0 ooe=0
2013-10-10 05:33:55.554+0000 INFO  [o.n.k.i.n.s.StoreFactory]: data/graph.db/neostore.relationshiptypestore.db hit=0 miss=0 switches=0 ooe=0
2013-10-10 05:33:55.611+0000 INFO  [o.n.k.i.n.s.StoreFactory]: [data/graph.db/neostore.relationshiptypestore.db.names] brickCount=0 brickSize=0b mappedMem=0b (storeSize=38b)
2013-10-10 05:33:55.612+0000 INFO  [o.n.k.i.n.s.StoreFactory]: [data/graph.db/neostore.relationshiptypestore.db] brickCount=0 brickSize=0b mappedMem=0b (storeSize=0b)
2013-10-10 05:33:55.614+0000 INFO  [o.n.k.i.n.s.StoreFactory]: [data/graph.db/neostore.propertystore.db.strings] brickCount=0 brickSize=277760b mappedMem=277872640b (storeSize=128b)
2013-10-10 05:33:55.615+0000 INFO  [o.n.k.i.n.s.StoreFactory]: [data/graph.db/neostore.propertystore.db.index.keys] brickCount=0 brickSize=0b mappedMem=0b (storeSize=38b)
2013-10-10 05:33:55.618+0000 INFO  [o.n.k.i.n.s.StoreFactory]: [data/graph.db/neostore.propertystore.db.index] brickCount=0 brickSize=0b mappedMem=0b (storeSize=0b)
2013-10-10 05:33:55.621+0000 INFO  [o.n.k.i.n.s.StoreFactory]: [data/graph.db/neostore.propertystore.db.arrays] brickCount=0 brickSize=314496b mappedMem=314572800b (storeSize=128b)
2013-10-10 05:33:55.626+0000 INFO  [o.n.k.i.n.s.StoreFactory]: [data/graph.db/neostore.propertystore.db] brickCount=0 brickSize=3271554b mappedMem=327155712b (storeSize=0b)
2013-10-10 05:33:55.628+0000 INFO  [o.n.k.i.n.s.StoreFactory]: [data/graph.db/neostore.relationshipstore.db] brickCount=0 brickSize=4005540b mappedMem=400556032b (storeSize=0b)
2013-10-10 05:33:55.628+0000 INFO  [o.n.k.i.n.s.StoreFactory]: [data/graph.db/neostore.nodestore.db] brickCount=0 brickSize=90171b mappedMem=90177536b (storeSize=9b)
2013-10-10 05:33:55.629+0000 INFO  [o.n.k.i.n.s.StoreFactory]: [data/graph.db/neostore] brickCount=0 brickSize=0b mappedMem=0b (storeSize=0b)
2013-10-10 05:33:55.668+0000 INFO  [o.n.k.i.n.s.StoreFactory]: data/graph.db/neostore.relationshiptypestore.db.names hit=0 miss=0 switches=0 ooe=0
2013-10-10 05:33:55.724+0000 INFO  [o.n.k.i.n.s.StoreFactory]: data/graph.db/neostore.relationshiptypestore.db hit=0 miss=0 switches=0 ooe=0
2013-10-10 05:33:55.777+0000 INFO  [o.n.k.i.n.s.StoreFactory]: data/graph.db/neostore.propertystore.db.strings hit=0 miss=0 switches=0 ooe=0
2013-10-10 05:33:55.843+0000 INFO  [o.n.k.i.n.s.StoreFactory]: data/graph.db/neostore.propertystore.db.index.keys hit=0 miss=0 switches=0 ooe=0
2013-10-10 05:33:55.903+0000 INFO  [o.n.k.i.n.s.StoreFactory]: data/graph.db/neostore.propertystore.db.index hit=0 miss=0 switches=0 ooe=0
2013-10-10 05:33:55.971+0000 INFO  [o.n.k.i.n.s.StoreFactory]: data/graph.db/neostore.propertystore.db.arrays hit=0 miss=0 switches=0 ooe=0
2013-10-10 05:33:56.015+0000 INFO  [o.n.k.i.n.s.StoreFactory]: data/graph.db/neostore.propertystore.db hit=0 miss=0 switches=0 ooe=0
2013-10-10 05:33:56.070+0000 INFO  [o.n.k.i.n.s.StoreFactory]: data/graph.db/neostore.relationshipstore.db hit=0 miss=0 switches=0 ooe=0
2013-10-10 05:33:56.140+0000 INFO  [o.n.k.i.n.s.StoreFactory]: data/graph.db/neostore.nodestore.db hit=0 miss=0 switches=0 ooe=0
2013-10-10 05:33:56.238+0000 INFO  [o.n.k.i.n.s.StoreFactory]: data/graph.db/neostore hit=0 miss=8 switches=0 ooe=0
2013-10-10 05:33:56.311+0000 INFO  [o.n.k.i.n.s.StoreFactory]: [data/graph.db/neostore.relationshiptypestore.db.names] brickCount=0 brickSize=0b mappedMem=0b (storeSize=38b)
2013-10-10 05:33:56.312+0000 INFO  [o.n.k.i.n.s.StoreFactory]: [data/graph.db/neostore.relationshiptypestore.db] brickCount=0 brickSize=0b mappedMem=0b (storeSize=0b)
2013-10-10 05:33:56.314+0000 INFO  [o.n.k.i.n.s.StoreFactory]: [data/graph.db/neostore.propertystore.db.strings] brickCount=0 brickSize=277760b mappedMem=277872640b (storeSize=128b)
2013-10-10 05:33:56.315+0000 INFO  [o.n.k.i.n.s.StoreFactory]: [data/graph.db/neostore.propertystore.db.index.keys] brickCount=0 brickSize=0b mappedMem=0b (storeSize=38b)
2013-10-10 05:33:56.316+0000 INFO  [o.n.k.i.n.s.StoreFactory]: [data/graph.db/neostore.propertystore.db.index] brickCount=0 brickSize=0b mappedMem=0b (storeSize=0b)
2013-10-10 05:33:56.317+0000 INFO  [o.n.k.i.n.s.StoreFactory]: [data/graph.db/neostore.propertystore.db.arrays] brickCount=0 brickSize=314496b mappedMem=314572800b (storeSize=128b)
2013-10-10 05:33:56.319+0000 INFO  [o.n.k.i.n.s.StoreFactory]: [data/graph.db/neostore.propertystore.db] brickCount=0 brickSize=3271554b mappedMem=327155712b (storeSize=0b)
2013-10-10 05:33:56.320+0000 INFO  [o.n.k.i.n.s.StoreFactory]: [data/graph.db/neostore.relationshipstore.db] brickCount=0 brickSize=4005540b mappedMem=400556032b (storeSize=0b)
2013-10-10 05:33:56.321+0000 INFO  [o.n.k.i.n.s.StoreFactory]: [data/graph.db/neostore.nodestore.db] brickCount=0 brickSize=90171b mappedMem=90177536b (storeSize=9b)
2013-10-10 05:33:56.322+0000 INFO  [o.n.k.i.n.s.StoreFactory]: [data/graph.db/neostore] brickCount=0 brickSize=0b mappedMem=0b (storeSize=54b)
2013-10-10 05:33:56.358+0000 INFO  [o.n.k.i.t.x.XaLogicalLog]: Opened logical log [data/graph.db/nioneo_logical.log.1] version=0, lastTxId=1 (clean)
2013-10-10 05:33:56.398+0000 INFO  [o.n.k.i.t.TxManager]: TM new log: tm_tx_log.1
2013-10-10 05:33:56.700+0000 INFO  [o.n.k.i.t.x.XaLogicalLog]: Opened logical log [data/graph.db/index/lucene.log.1] version=0, lastTxId=1 (clean)
2013-10-10 05:33:56.754+0000 INFO  [o.n.k.i.DiagnosticsManager]: --- STARTED diagnostics for KernelDiagnostics:Versions START ---
2013-10-10 05:33:56.754+0000 INFO  [o.n.k.i.DiagnosticsManager]: Graph Database: org.neo4j.kernel.EmbeddedGraphDatabase StoreId[time:1381383234385, id:3347435280927206055, store version: 13561656364791302]
2013-10-10 05:33:56.755+0000 INFO  [o.n.k.i.DiagnosticsManager]: Kernel version: Neo4j - Graph Database Kernel 1.9
2013-10-10 05:33:56.755+0000 INFO  [o.n.k.i.DiagnosticsManager]: Neo4j component versions:
2013-10-10 05:33:56.756+0000 INFO  [o.n.k.i.DiagnosticsManager]:   Neo4j - Graph Database Kernel 1.9
2013-10-10 05:33:56.756+0000 INFO  [o.n.k.i.DiagnosticsManager]: --- STARTED diagnostics for KernelDiagnostics:Versions END ---
2013-10-10 05:33:56.758+0000 INFO  [o.n.k.i.DiagnosticsManager]: --- STARTED diagnostics for NEO_STORE_VERSIONS START ---
2013-10-10 05:33:56.759+0000 INFO  [o.n.k.i.DiagnosticsManager]: Store versions:
2013-10-10 05:33:56.759+0000 INFO  [o.n.k.i.DiagnosticsManager]: Store versions:
2013-10-10 05:33:56.759+0000 INFO  [o.n.k.i.DiagnosticsManager]:   NeoStore v0.A.0
2013-10-10 05:33:56.759+0000 INFO  [o.n.k.i.DiagnosticsManager]:   NodeStore v0.A.0
2013-10-10 05:33:56.759+0000 INFO  [o.n.k.i.DiagnosticsManager]:   RelationshipStore v0.A.0
2013-10-10 05:33:56.759+0000 INFO  [o.n.k.i.DiagnosticsManager]:   RelationshipTypeStore v0.A.0
2013-10-10 05:33:56.759+0000 INFO  [o.n.k.i.DiagnosticsManager]:   PropertyStore v0.A.0
2013-10-10 05:33:56.759+0000 INFO  [o.n.k.i.DiagnosticsManager]:   PropertyIndexStore v0.A.0
2013-10-10 05:33:56.759+0000 INFO  [o.n.k.i.DiagnosticsManager]:   StringPropertyStore v0.A.0
2013-10-10 05:33:56.759+0000 INFO  [o.n.k.i.DiagnosticsManager]:   ArrayPropertyStore v0.A.0
2013-10-10 05:33:56.759+0000 INFO  [o.n.k.i.DiagnosticsManager]: --- STARTED diagnostics for NEO_STORE_VERSIONS END ---
2013-10-10 05:33:56.759+0000 INFO  [o.n.k.i.DiagnosticsManager]: --- STARTED diagnostics for NEO_STORE_ID_USAGE START ---
2013-10-10 05:33:56.759+0000 INFO  [o.n.k.i.DiagnosticsManager]: Id usage:
2013-10-10 05:33:56.759+0000 INFO  [o.n.k.i.DiagnosticsManager]: Id usage:
2013-10-10 05:33:56.760+0000 INFO  [o.n.k.i.DiagnosticsManager]:   NodeStore: used=1 high=0
2013-10-10 05:33:56.760+0000 INFO  [o.n.k.i.DiagnosticsManager]:   RelationshipStore: used=0 high=-1
2013-10-10 05:33:56.760+0000 INFO  [o.n.k.i.DiagnosticsManager]:   RelationshipTypeStore: used=0 high=-1
2013-10-10 05:33:56.760+0000 INFO  [o.n.k.i.DiagnosticsManager]:   PropertyStore: used=0 high=-1
2013-10-10 05:33:56.760+0000 INFO  [o.n.k.i.DiagnosticsManager]:   PropertyIndexStore: used=0 high=-1
2013-10-10 05:33:56.761+0000 INFO  [o.n.k.i.DiagnosticsManager]:   StringPropertyStore: used=1 high=0
2013-10-10 05:33:56.761+0000 INFO  [o.n.k.i.DiagnosticsManager]:   ArrayPropertyStore: used=1 high=0
2013-10-10 05:33:56.761+0000 INFO  [o.n.k.i.DiagnosticsManager]: --- STARTED diagnostics for NEO_STORE_ID_USAGE END ---
2013-10-10 05:33:56.761+0000 INFO  [o.n.k.i.DiagnosticsManager]: --- STARTED diagnostics for PERSISTENCE_WINDOW_POOL_STATS START ---
2013-10-10 05:33:56.761+0000 INFO  [o.n.k.i.DiagnosticsManager]: --- STARTED diagnostics for PERSISTENCE_WINDOW_POOL_STATS END ---
2013-10-10 05:33:56.761+0000 INFO  [o.n.k.i.DiagnosticsManager]: --- STARTED diagnostics for KernelDiagnostics:StoreFiles START ---
2013-10-10 05:33:56.762+0000 INFO  [o.n.k.i.DiagnosticsManager]: Disk space on partition (Total / Free / Free %): 51013468160 / 3821551616 / 7
Storage files: (filename : modification date - size)
2013-10-10 05:33:56.762+0000 INFO  [o.n.k.i.DiagnosticsManager]:   neostore.relationshipstore.db.id: 2013-10-10T11:03:56+0530 - 9.00 B
2013-10-10 05:33:56.763+0000 INFO  [o.n.k.i.DiagnosticsManager]:   neostore.propertystore.db.index.keys.id: 2013-10-10T11:03:56+0530 - 9.00 B
2013-10-10 05:33:56.763+0000 INFO  [o.n.k.i.DiagnosticsManager]:   neostore.id: 2013-10-10T11:03:56+0530 - 9.00 B
2013-10-10 05:33:56.763+0000 INFO  [o.n.k.i.DiagnosticsManager]:   neostore.nodestore.db.id: 2013-10-10T11:03:56+0530 - 9.00 B
2013-10-10 05:33:56.764+0000 INFO  [o.n.k.i.DiagnosticsManager]:   neostore.propertystore.db.arrays.id: 2013-10-10T11:03:56+0530 - 9.00 B
2013-10-10 05:33:56.764+0000 INFO  [o.n.k.i.DiagnosticsManager]:   active_tx_log: 2013-10-10T11:03:56+0530 - 11.00 B
2013-10-10 05:33:56.764+0000 INFO  [o.n.k.i.DiagnosticsManager]:   neostore.relationshiptypestore.db: 2013-10-10T11:03:56+0530 - 0.00 B
2013-10-10 05:33:56.765+0000 INFO  [o.n.k.i.DiagnosticsManager]:   neostore.relationshiptypestore.db.names.id: 2013-10-10T11:03:56+0530 - 9.00 B
2013-10-10 05:33:56.765+0000 INFO  [o.n.k.i.DiagnosticsManager]:   neostore.propertystore.db.index.keys: 2013-10-10T11:03:56+0530 - 38.00 B
2013-10-10 05:33:56.766+0000 INFO  [o.n.k.i.DiagnosticsManager]:   neostore.propertystore.db.index.id: 2013-10-10T11:03:56+0530 - 9.00 B
2013-10-10 05:33:56.766+0000 INFO  [o.n.k.i.DiagnosticsManager]:   neostore.propertystore.db.strings: 2013-10-10T11:03:56+0530 - 128.00 B
2013-10-10 05:33:56.766+0000 INFO  [o.n.k.i.DiagnosticsManager]:   neostore.relationshiptypestore.db.names: 2013-10-10T11:03:56+0530 - 38.00 B
2013-10-10 05:33:56.767+0000 INFO  [o.n.k.i.DiagnosticsManager]:   neostore.propertystore.db.id: 2013-10-10T11:03:56+0530 - 9.00 B
2013-10-10 05:33:56.767+0000 INFO  [o.n.k.i.DiagnosticsManager]:   neostore.relationshiptypestore.db.id: 2013-10-10T11:03:56+0530 - 9.00 B
2013-10-10 05:33:56.767+0000 INFO  [o.n.k.i.DiagnosticsManager]:   nioneo_logical.log.active: 2013-10-10T11:03:56+0530 - 4.00 B
2013-10-10 05:33:56.768+0000 INFO  [o.n.k.i.DiagnosticsManager]:   neostore.nodestore.db: 2013-10-10T11:03:56+0530 - 9.00 B
2013-10-10 05:33:56.768+0000 INFO  [o.n.k.i.DiagnosticsManager]:   tm_tx_log.1: 2013-10-10T11:03:56+0530 - 0.00 B
2013-10-10 05:33:56.768+0000 INFO  [o.n.k.i.DiagnosticsManager]:   neostore.relationshipstore.db: 2013-10-10T11:03:56+0530 - 0.00 B
2013-10-10 05:33:56.769+0000 INFO  [o.n.k.i.DiagnosticsManager]:   store_lock: 2013-10-10T11:03:54+0530 - 0.00 B
2013-10-10 05:33:56.769+0000 INFO  [o.n.k.i.DiagnosticsManager]:   messages.log: 2013-10-10T11:03:56+0530 - 33.78 kB
2013-10-10 05:33:56.769+0000 INFO  [o.n.k.i.DiagnosticsManager]:   neostore.propertystore.db.strings.id: 2013-10-10T11:03:56+0530 - 9.00 B
2013-10-10 05:33:56.769+0000 INFO  [o.n.k.i.DiagnosticsManager]:   index:
2013-10-10 05:33:56.770+0000 INFO  [o.n.k.i.DiagnosticsManager]:     lucene.log.active: 2013-10-10T11:03:56+0530 - 4.00 B
2013-10-10 05:33:56.770+0000 INFO  [o.n.k.i.DiagnosticsManager]:     lucene-store.db: 2013-10-10T11:03:56+0530 - 40.00 B
2013-10-10 05:33:56.771+0000 INFO  [o.n.k.i.DiagnosticsManager]:     lucene.log.1: 2013-10-10T11:03:56+0530 - 16.00 B
2013-10-10 05:33:56.771+0000 INFO  [o.n.k.i.DiagnosticsManager]:   - Total: 2013-10-10T11:03:56+0530 - 60.00 B
2013-10-10 05:33:56.771+0000 INFO  [o.n.k.i.DiagnosticsManager]:   neostore.propertystore.db.arrays: 2013-10-10T11:03:56+0530 - 128.00 B
2013-10-10 05:33:56.772+0000 INFO  [o.n.k.i.DiagnosticsManager]:   lock: 2013-10-10T11:03:56+0530 - 0.00 B
2013-10-10 05:33:56.772+0000 INFO  [o.n.k.i.DiagnosticsManager]:   neostore.propertystore.db: 2013-10-10T11:03:56+0530 - 0.00 B
2013-10-10 05:33:56.772+0000 INFO  [o.n.k.i.DiagnosticsManager]:   neostore: 2013-10-10T11:03:56+0530 - 54.00 B
2013-10-10 05:33:56.773+0000 INFO  [o.n.k.i.DiagnosticsManager]:   nioneo_logical.log.1: 2013-10-10T11:03:56+0530 - 16.00 B
2013-10-10 05:33:56.773+0000 INFO  [o.n.k.i.DiagnosticsManager]:   neostore.propertystore.db.index: 2013-10-10T11:03:56+0530 - 0.00 B
2013-10-10 05:33:56.773+0000 INFO  [o.n.k.i.DiagnosticsManager]: --- STARTED diagnostics for KernelDiagnostics:StoreFiles END ---
2013-10-10 05:33:56.775+0000 INFO  [o.n.k.EmbeddedGraphDatabase]: Started - database is now available
2013-10-10 05:33:56.776+0000 INFO  [o.n.k.EmbeddedGraphDatabase]: GC Monitor started. 
2013-10-10 05:33:57.824+0000 INFO  [o.n.k.i.DiagnosticsManager]: --- SERVER STARTED START ---
2013-10-10 05:33:57.824+0000 INFO  [o.n.k.i.DiagnosticsManager]: --- STARTED diagnostics for org.neo4j.server.configuration.Configurator START ---
2013-10-10 05:33:57.826+0000 INFO  [o.n.k.i.DiagnosticsManager]: Server configuration:
2013-10-10 05:33:57.826+0000 INFO  [o.n.k.i.DiagnosticsManager]: org.neo4j.server.database.location = data/graph.db
2013-10-10 05:33:57.826+0000 INFO  [o.n.k.i.DiagnosticsManager]: org.neo4j.server.webserver.port = 7474
2013-10-10 05:33:57.827+0000 INFO  [o.n.k.i.DiagnosticsManager]: org.neo4j.server.webserver.https.enabled = true
2013-10-10 05:33:57.827+0000 INFO  [o.n.k.i.DiagnosticsManager]: org.neo4j.server.webserver.https.port = 7473
2013-10-10 05:33:57.827+0000 INFO  [o.n.k.i.DiagnosticsManager]: org.neo4j.server.webserver.https.cert.location = conf/ssl/snakeoil.cert
2013-10-10 05:33:57.827+0000 INFO  [o.n.k.i.DiagnosticsManager]: org.neo4j.server.webserver.https.key.location = conf/ssl/snakeoil.key
2013-10-10 05:33:57.827+0000 INFO  [o.n.k.i.DiagnosticsManager]: org.neo4j.server.webserver.https.keystore.location = data/keystore
2013-10-10 05:33:57.827+0000 INFO  [o.n.k.i.DiagnosticsManager]: org.neo4j.server.webadmin.rrdb.location = data/rrd
2013-10-10 05:33:57.827+0000 INFO  [o.n.k.i.DiagnosticsManager]: org.neo4j.server.db.tuning.properties = conf/neo4j.properties
2013-10-10 05:33:57.827+0000 INFO  [o.n.k.i.DiagnosticsManager]: org.neo4j.server.manage.console_engines = [gremlin, shell]
2013-10-10 05:33:57.827+0000 INFO  [o.n.k.i.DiagnosticsManager]: org.neo4j.server.http.log.enabled = false
2013-10-10 05:33:57.827+0000 INFO  [o.n.k.i.DiagnosticsManager]: org.neo4j.server.http.log.config = conf/neo4j-http-logging.xml
2013-10-10 05:33:57.827+0000 INFO  [o.n.k.i.DiagnosticsManager]: org.neo4j.server.webadmin.management.uri = /db/manage/
2013-10-10 05:33:57.827+0000 INFO  [o.n.k.i.DiagnosticsManager]: org.neo4j.server.webadmin.data.uri = /db/data/
2013-10-10 05:33:57.827+0000 INFO  [o.n.k.i.DiagnosticsManager]: --- STARTED diagnostics for org.neo4j.server.configuration.Configurator END ---
2013-10-10 05:33:57.841+0000 INFO  [o.n.k.i.DiagnosticsManager]: Mounted discovery module (org.neo4j.server.rest.discovery) at: /
2013-10-10 05:33:57.908+0000 INFO  [o.n.k.i.DiagnosticsManager]: Loaded server plugin "CypherPlugin" (org.neo4j.server.plugin.cypher.CypherPlugin)
2013-10-10 05:33:57.910+0000 INFO  [o.n.k.i.DiagnosticsManager]:   GraphDatabaseService.execute_query: execute a query
2013-10-10 05:33:57.911+0000 INFO  [o.n.k.i.DiagnosticsManager]: Loaded server plugin "GremlinPlugin" (org.neo4j.server.plugin.gremlin.GremlinPlugin)
2013-10-10 05:33:57.911+0000 INFO  [o.n.k.i.DiagnosticsManager]:   GraphDatabaseService.execute_script: execute a Gremlin script with 'g' set to the Neo4jGraph and 'results' containing the results. Only results of one object type is supported.
2013-10-10 05:33:57.912+0000 INFO  [o.n.k.i.DiagnosticsManager]: Mounted REST API at: /db/data/
2013-10-10 05:33:57.914+0000 INFO  [o.n.k.i.DiagnosticsManager]: Mounted management API at: /db/manage/
2013-10-10 05:33:57.967+0000 INFO  [o.n.k.i.DiagnosticsManager]: Mounted webadmin at: /webadmin
2013-10-10 05:34:00.197+0000 INFO  [o.n.k.i.DiagnosticsManager]: Server started on: http://localhost:7474/
2013-10-10 05:34:00.198+0000 INFO  [o.n.k.i.DiagnosticsManager]: --- SERVER STARTED END ---
2013-10-10 05:46:58.573+0000 INFO  [o.n.k.EmbeddedGraphDatabase]: GC Monitor: Application threads blocked for an additional 198ms [total block time: 0.198s]
